2020-10-25 16:41:36,714 - Log4JLogChute initialized using file 'velocity.log'
2020-10-25 16:41:36,714 - Initializing Velocity, Calling init()...
2020-10-25 16:41:36,714 - Starting Apache Velocity v1.7 (compiled: 2010-11-19 12:14:37)
2020-10-25 16:41:36,714 - Default Properties File: org\apache\velocity\runtime\defaults\velocity.properties
2020-10-25 16:41:36,715 - Trying to use logger class org.apache.velocity.runtime.log.AvalonLogChute
2020-10-25 16:41:36,715 - Target log system for org.apache.velocity.runtime.log.AvalonLogChute is not available (java.lang.NoClassDefFoundError: org/apache/log/format/Formatter).  Falling back to next log system...
2020-10-25 16:41:36,715 - Trying to use logger class org.apache.velocity.runtime.log.Log4JLogChute
2020-10-25 16:41:36,715 - Using logger class org.apache.velocity.runtime.log.Log4JLogChute
2020-10-25 16:41:36,740 - ResourceLoader instantiated: org.apache.velocity.runtime.resource.loader.ClasspathResourceLoader
2020-10-25 16:41:36,773 - ResourceCache: initialized (class org.apache.velocity.runtime.resource.ResourceCacheImpl) with class java.util.Collections$SynchronizedMap cache map.
2020-10-25 16:41:36,776 - Loaded System Directive: org.apache.velocity.runtime.directive.Stop
2020-10-25 16:41:36,778 - Loaded System Directive: org.apache.velocity.runtime.directive.Define
2020-10-25 16:41:36,780 - Loaded System Directive: org.apache.velocity.runtime.directive.Break
2020-10-25 16:41:36,780 - Loaded System Directive: org.apache.velocity.runtime.directive.Evaluate
2020-10-25 16:41:36,782 - Loaded System Directive: org.apache.velocity.runtime.directive.Literal
2020-10-25 16:41:36,783 - Loaded System Directive: org.apache.velocity.runtime.directive.Macro
2020-10-25 16:41:36,784 - Loaded System Directive: org.apache.velocity.runtime.directive.Parse
2020-10-25 16:41:36,785 - Loaded System Directive: org.apache.velocity.runtime.directive.Include
2020-10-25 16:41:36,786 - Loaded System Directive: org.apache.velocity.runtime.directive.Foreach
2020-10-25 16:41:36,810 - Created '20' parsers.
2020-10-25 16:41:36,816 - Velocimacro : "velocimacro.library" is not set.  Trying default library: VM_global_library.vm
2020-10-25 16:41:36,816 - Could not load resource 'VM_global_library.vm' from ResourceLoader org.apache.velocity.runtime.resource.loader.ClasspathResourceLoader: ClasspathResourceLoader Error: cannot find resource VM_global_library.vm
2020-10-25 16:41:36,816 - Velocimacro : Default library not found.
2020-10-25 16:41:36,817 - Velocimacro : allowInline = true : VMs can be defined inline in templates
2020-10-25 16:41:36,817 - Velocimacro : allowInlineToOverride = false : VMs defined inline may NOT replace previous VM definitions
2020-10-25 16:41:36,817 - Velocimacro : allowInlineLocal = false : VMs defined inline will be global in scope if allowed.
2020-10-25 16:41:36,817 - Velocimacro : autoload off : VM system will not automatically reload global library macros
2020-10-25 16:41:37,020 - ResourceManager : found template/Entity.java.vm with loader org.apache.velocity.runtime.resource.loader.ClasspathResourceLoader
2020-10-25 16:41:37,068 - ResourceManager : found template/Dao.java.vm with loader org.apache.velocity.runtime.resource.loader.ClasspathResourceLoader
2020-10-25 16:41:37,111 - ResourceManager : found template/Dao.xml.vm with loader org.apache.velocity.runtime.resource.loader.ClasspathResourceLoader
2020-10-25 16:41:37,144 - Null reference [template 'template/Dao.xml.vm', line 36, column 26] : ${sidx} cannot be resolved.
2020-10-25 16:41:37,144 - Null reference [template 'template/Dao.xml.vm', line 36, column 34] : ${order} cannot be resolved.
2020-10-25 16:41:37,185 - ResourceManager : found template/Service.java.vm with loader org.apache.velocity.runtime.resource.loader.ClasspathResourceLoader
2020-10-25 16:41:37,210 - ResourceManager : found template/ServiceImpl.java.vm with loader org.apache.velocity.runtime.resource.loader.ClasspathResourceLoader
2020-10-25 16:41:37,262 - ResourceManager : found template/Controller.java.vm with loader org.apache.velocity.runtime.resource.loader.ClasspathResourceLoader
2020-10-25 16:41:37,262 - Null reference [template 'template/Controller.java.vm', line 29, column 18] : ${requrl} cannot be resolved.
2020-10-25 16:41:37,281 - ResourceManager : found template/list.html.vm with loader org.apache.velocity.runtime.resource.loader.ClasspathResourceLoader
2020-10-25 16:41:37,282 - Null reference [template 'template/list.html.vm', line 52, column 14] : ${rc.contextPath} cannot be resolved.
2020-10-25 16:41:37,282 - Null reference [template 'template/list.html.vm', line 52, column 61] : ${date.systemTime} cannot be resolved.
2020-10-25 16:41:37,297 - ResourceManager : found template/list.js.vm with loader org.apache.velocity.runtime.resource.loader.ClasspathResourceLoader
2020-10-25 16:41:37,297 - Null reference [template 'template/list.js.vm', line 3, column 18] : ${requrl} cannot be resolved.
2020-10-25 16:41:37,297 - Null reference [template 'template/list.js.vm', line 69, column 80] : ${requrl} cannot be resolved.
2020-10-25 16:41:37,297 - Null reference [template 'template/list.js.vm', line 69, column 102] : ${requrl} cannot be resolved.
2020-10-25 16:41:37,297 - Null reference [template 'template/list.js.vm', line 94, column 46] : ${requrl} cannot be resolved.
2020-10-25 16:41:37,297 - Null reference [template 'template/list.js.vm', line 109, column 35] : ${requrl} cannot be resolved.
2020-10-25 16:41:37,316 - ResourceManager : found template/menu.sql.vm with loader org.apache.velocity.runtime.resource.loader.ClasspathResourceLoader
2020-10-25 16:44:04,910 - Log4JLogChute initialized using file 'velocity.log'
2020-10-25 16:44:04,911 - Initializing Velocity, Calling init()...
2020-10-25 16:44:04,911 - Starting Apache Velocity v1.7 (compiled: 2010-11-19 12:14:37)
2020-10-25 16:44:04,911 - Default Properties File: org\apache\velocity\runtime\defaults\velocity.properties
2020-10-25 16:44:04,911 - Trying to use logger class org.apache.velocity.runtime.log.AvalonLogChute
2020-10-25 16:44:04,911 - Target log system for org.apache.velocity.runtime.log.AvalonLogChute is not available (java.lang.NoClassDefFoundError: org/apache/log/format/Formatter).  Falling back to next log system...
2020-10-25 16:44:04,911 - Trying to use logger class org.apache.velocity.runtime.log.Log4JLogChute
2020-10-25 16:44:04,911 - Using logger class org.apache.velocity.runtime.log.Log4JLogChute
2020-10-25 16:44:04,914 - ResourceLoader instantiated: org.apache.velocity.runtime.resource.loader.ClasspathResourceLoader
2020-10-25 16:44:04,920 - ResourceCache: initialized (class org.apache.velocity.runtime.resource.ResourceCacheImpl) with class java.util.Collections$SynchronizedMap cache map.
2020-10-25 16:44:04,922 - Loaded System Directive: org.apache.velocity.runtime.directive.Stop
2020-10-25 16:44:04,925 - Loaded System Directive: org.apache.velocity.runtime.directive.Define
2020-10-25 16:44:04,926 - Loaded System Directive: org.apache.velocity.runtime.directive.Break
2020-10-25 16:44:04,927 - Loaded System Directive: org.apache.velocity.runtime.directive.Evaluate
2020-10-25 16:44:04,928 - Loaded System Directive: org.apache.velocity.runtime.directive.Literal
2020-10-25 16:44:04,929 - Loaded System Directive: org.apache.velocity.runtime.directive.Macro
2020-10-25 16:44:04,931 - Loaded System Directive: org.apache.velocity.runtime.directive.Parse
2020-10-25 16:44:04,933 - Loaded System Directive: org.apache.velocity.runtime.directive.Include
2020-10-25 16:44:04,935 - Loaded System Directive: org.apache.velocity.runtime.directive.Foreach
2020-10-25 16:44:04,958 - Created '20' parsers.
2020-10-25 16:44:04,963 - Velocimacro : "velocimacro.library" is not set.  Trying default library: VM_global_library.vm
2020-10-25 16:44:04,963 - Could not load resource 'VM_global_library.vm' from ResourceLoader org.apache.velocity.runtime.resource.loader.ClasspathResourceLoader: ClasspathResourceLoader Error: cannot find resource VM_global_library.vm
2020-10-25 16:44:04,964 - Velocimacro : Default library not found.
2020-10-25 16:44:04,964 - Velocimacro : allowInline = true : VMs can be defined inline in templates
2020-10-25 16:44:04,964 - Velocimacro : allowInlineToOverride = false : VMs defined inline may NOT replace previous VM definitions
2020-10-25 16:44:04,964 - Velocimacro : allowInlineLocal = false : VMs defined inline will be global in scope if allowed.
2020-10-25 16:44:04,964 - Velocimacro : autoload off : VM system will not automatically reload global library macros
2020-10-25 16:44:04,981 - ResourceManager : found template/Entity.java.vm with loader org.apache.velocity.runtime.resource.loader.ClasspathResourceLoader
2020-10-25 16:44:04,993 - ResourceManager : found template/Dao.java.vm with loader org.apache.velocity.runtime.resource.loader.ClasspathResourceLoader
2020-10-25 16:44:05,009 - ResourceManager : found template/Dao.xml.vm with loader org.apache.velocity.runtime.resource.loader.ClasspathResourceLoader
2020-10-25 16:44:05,017 - Null reference [template 'template/Dao.xml.vm', line 36, column 26] : ${sidx} cannot be resolved.
2020-10-25 16:44:05,017 - Null reference [template 'template/Dao.xml.vm', line 36, column 34] : ${order} cannot be resolved.
2020-10-25 16:44:05,023 - ResourceManager : found template/Service.java.vm with loader org.apache.velocity.runtime.resource.loader.ClasspathResourceLoader
2020-10-25 16:44:05,029 - ResourceManager : found template/ServiceImpl.java.vm with loader org.apache.velocity.runtime.resource.loader.ClasspathResourceLoader
2020-10-25 16:44:05,034 - ResourceManager : found template/Controller.java.vm with loader org.apache.velocity.runtime.resource.loader.ClasspathResourceLoader
2020-10-25 16:44:05,041 - ResourceManager : found template/list.html.vm with loader org.apache.velocity.runtime.resource.loader.ClasspathResourceLoader
2020-10-25 16:44:05,042 - Null reference [template 'template/list.html.vm', line 52, column 14] : ${rc.contextPath} cannot be resolved.
2020-10-25 16:44:05,042 - Null reference [template 'template/list.html.vm', line 52, column 61] : ${date.systemTime} cannot be resolved.
2020-10-25 16:44:05,048 - ResourceManager : found template/list.js.vm with loader org.apache.velocity.runtime.resource.loader.ClasspathResourceLoader
2020-10-25 16:44:05,053 - ResourceManager : found template/menu.sql.vm with loader org.apache.velocity.runtime.resource.loader.ClasspathResourceLoader
2020-10-25 16:46:51,674 - Log4JLogChute initialized using file 'velocity.log'
2020-10-25 16:46:51,675 - Initializing Velocity, Calling init()...
2020-10-25 16:46:51,675 - Starting Apache Velocity v1.7 (compiled: 2010-11-19 12:14:37)
2020-10-25 16:46:51,675 - Default Properties File: org\apache\velocity\runtime\defaults\velocity.properties
2020-10-25 16:46:51,675 - Trying to use logger class org.apache.velocity.runtime.log.AvalonLogChute
2020-10-25 16:46:51,675 - Target log system for org.apache.velocity.runtime.log.AvalonLogChute is not available (java.lang.NoClassDefFoundError: org/apache/log/format/Formatter).  Falling back to next log system...
2020-10-25 16:46:51,675 - Trying to use logger class org.apache.velocity.runtime.log.Log4JLogChute
2020-10-25 16:46:51,675 - Using logger class org.apache.velocity.runtime.log.Log4JLogChute
2020-10-25 16:46:51,679 - ResourceLoader instantiated: org.apache.velocity.runtime.resource.loader.ClasspathResourceLoader
2020-10-25 16:46:51,688 - ResourceCache: initialized (class org.apache.velocity.runtime.resource.ResourceCacheImpl) with class java.util.Collections$SynchronizedMap cache map.
2020-10-25 16:46:51,690 - Loaded System Directive: org.apache.velocity.runtime.directive.Stop
2020-10-25 16:46:51,691 - Loaded System Directive: org.apache.velocity.runtime.directive.Define
2020-10-25 16:46:51,692 - Loaded System Directive: org.apache.velocity.runtime.directive.Break
2020-10-25 16:46:51,693 - Loaded System Directive: org.apache.velocity.runtime.directive.Evaluate
2020-10-25 16:46:51,693 - Loaded System Directive: org.apache.velocity.runtime.directive.Literal
2020-10-25 16:46:51,694 - Loaded System Directive: org.apache.velocity.runtime.directive.Macro
2020-10-25 16:46:51,696 - Loaded System Directive: org.apache.velocity.runtime.directive.Parse
2020-10-25 16:46:51,697 - Loaded System Directive: org.apache.velocity.runtime.directive.Include
2020-10-25 16:46:51,699 - Loaded System Directive: org.apache.velocity.runtime.directive.Foreach
2020-10-25 16:46:51,723 - Created '20' parsers.
2020-10-25 16:46:51,729 - Velocimacro : "velocimacro.library" is not set.  Trying default library: VM_global_library.vm
2020-10-25 16:46:51,729 - Could not load resource 'VM_global_library.vm' from ResourceLoader org.apache.velocity.runtime.resource.loader.ClasspathResourceLoader: ClasspathResourceLoader Error: cannot find resource VM_global_library.vm
2020-10-25 16:46:51,730 - Velocimacro : Default library not found.
2020-10-25 16:46:51,730 - Velocimacro : allowInline = true : VMs can be defined inline in templates
2020-10-25 16:46:51,730 - Velocimacro : allowInlineToOverride = false : VMs defined inline may NOT replace previous VM definitions
2020-10-25 16:46:51,730 - Velocimacro : allowInlineLocal = false : VMs defined inline will be global in scope if allowed.
2020-10-25 16:46:51,730 - Velocimacro : autoload off : VM system will not automatically reload global library macros
2020-10-25 16:46:51,752 - ResourceManager : found template/Entity.java.vm with loader org.apache.velocity.runtime.resource.loader.ClasspathResourceLoader
2020-10-25 16:46:51,765 - ResourceManager : found template/Dao.java.vm with loader org.apache.velocity.runtime.resource.loader.ClasspathResourceLoader
2020-10-25 16:46:51,782 - ResourceManager : found template/Dao.xml.vm with loader org.apache.velocity.runtime.resource.loader.ClasspathResourceLoader
2020-10-25 16:46:51,790 - Null reference [template 'template/Dao.xml.vm', line 36, column 26] : ${sidx} cannot be resolved.
2020-10-25 16:46:51,790 - Null reference [template 'template/Dao.xml.vm', line 36, column 34] : ${order} cannot be resolved.
2020-10-25 16:46:51,797 - ResourceManager : found template/Service.java.vm with loader org.apache.velocity.runtime.resource.loader.ClasspathResourceLoader
2020-10-25 16:46:51,803 - ResourceManager : found template/ServiceImpl.java.vm with loader org.apache.velocity.runtime.resource.loader.ClasspathResourceLoader
2020-10-25 16:46:51,809 - ResourceManager : found template/Controller.java.vm with loader org.apache.velocity.runtime.resource.loader.ClasspathResourceLoader
2020-10-25 16:46:51,816 - ResourceManager : found template/list.html.vm with loader org.apache.velocity.runtime.resource.loader.ClasspathResourceLoader
2020-10-25 16:46:51,817 - Null reference [template 'template/list.html.vm', line 52, column 14] : ${rc.contextPath} cannot be resolved.
2020-10-25 16:46:51,817 - Null reference [template 'template/list.html.vm', line 52, column 61] : ${date.systemTime} cannot be resolved.
2020-10-25 16:46:51,822 - ResourceManager : found template/list.js.vm with loader org.apache.velocity.runtime.resource.loader.ClasspathResourceLoader
2020-10-25 16:46:51,826 - ResourceManager : found template/menu.sql.vm with loader org.apache.velocity.runtime.resource.loader.ClasspathResourceLoader
2020-10-25 16:48:50,830 - Log4JLogChute initialized using file 'velocity.log'
2020-10-25 16:48:50,831 - Initializing Velocity, Calling init()...
2020-10-25 16:48:50,831 - Starting Apache Velocity v1.7 (compiled: 2010-11-19 12:14:37)
2020-10-25 16:48:50,831 - Default Properties File: org\apache\velocity\runtime\defaults\velocity.properties
2020-10-25 16:48:50,831 - Trying to use logger class org.apache.velocity.runtime.log.AvalonLogChute
2020-10-25 16:48:50,831 - Target log system for org.apache.velocity.runtime.log.AvalonLogChute is not available (java.lang.NoClassDefFoundError: org/apache/log/format/Formatter).  Falling back to next log system...
2020-10-25 16:48:50,831 - Trying to use logger class org.apache.velocity.runtime.log.Log4JLogChute
2020-10-25 16:48:50,831 - Using logger class org.apache.velocity.runtime.log.Log4JLogChute
2020-10-25 16:48:50,835 - ResourceLoader instantiated: org.apache.velocity.runtime.resource.loader.ClasspathResourceLoader
2020-10-25 16:48:50,842 - ResourceCache: initialized (class org.apache.velocity.runtime.resource.ResourceCacheImpl) with class java.util.Collections$SynchronizedMap cache map.
2020-10-25 16:48:50,844 - Loaded System Directive: org.apache.velocity.runtime.directive.Stop
2020-10-25 16:48:50,845 - Loaded System Directive: org.apache.velocity.runtime.directive.Define
2020-10-25 16:48:50,846 - Loaded System Directive: org.apache.velocity.runtime.directive.Break
2020-10-25 16:48:50,847 - Loaded System Directive: org.apache.velocity.runtime.directive.Evaluate
2020-10-25 16:48:50,847 - Loaded System Directive: org.apache.velocity.runtime.directive.Literal
2020-10-25 16:48:50,848 - Loaded System Directive: org.apache.velocity.runtime.directive.Macro
2020-10-25 16:48:50,850 - Loaded System Directive: org.apache.velocity.runtime.directive.Parse
2020-10-25 16:48:50,851 - Loaded System Directive: org.apache.velocity.runtime.directive.Include
2020-10-25 16:48:50,852 - Loaded System Directive: org.apache.velocity.runtime.directive.Foreach
2020-10-25 16:48:50,873 - Created '20' parsers.
2020-10-25 16:48:50,877 - Velocimacro : "velocimacro.library" is not set.  Trying default library: VM_global_library.vm
2020-10-25 16:48:50,878 - Could not load resource 'VM_global_library.vm' from ResourceLoader org.apache.velocity.runtime.resource.loader.ClasspathResourceLoader: ClasspathResourceLoader Error: cannot find resource VM_global_library.vm
2020-10-25 16:48:50,878 - Velocimacro : Default library not found.
2020-10-25 16:48:50,878 - Velocimacro : allowInline = true : VMs can be defined inline in templates
2020-10-25 16:48:50,878 - Velocimacro : allowInlineToOverride = false : VMs defined inline may NOT replace previous VM definitions
2020-10-25 16:48:50,878 - Velocimacro : allowInlineLocal = false : VMs defined inline will be global in scope if allowed.
2020-10-25 16:48:50,878 - Velocimacro : autoload off : VM system will not automatically reload global library macros
2020-10-25 16:48:50,895 - ResourceManager : found template/Entity.java.vm with loader org.apache.velocity.runtime.resource.loader.ClasspathResourceLoader
2020-10-25 16:48:50,908 - ResourceManager : found template/Dao.java.vm with loader org.apache.velocity.runtime.resource.loader.ClasspathResourceLoader
2020-10-25 16:48:50,950 - ResourceManager : found template/Dao.xml.vm with loader org.apache.velocity.runtime.resource.loader.ClasspathResourceLoader
2020-10-25 16:48:50,957 - Null reference [template 'template/Dao.xml.vm', line 36, column 26] : ${sidx} cannot be resolved.
2020-10-25 16:48:50,957 - Null reference [template 'template/Dao.xml.vm', line 36, column 34] : ${order} cannot be resolved.
2020-10-25 16:48:50,965 - ResourceManager : found template/Service.java.vm with loader org.apache.velocity.runtime.resource.loader.ClasspathResourceLoader
2020-10-25 16:48:50,972 - ResourceManager : found template/ServiceImpl.java.vm with loader org.apache.velocity.runtime.resource.loader.ClasspathResourceLoader
2020-10-25 16:48:50,979 - ResourceManager : found template/Controller.java.vm with loader org.apache.velocity.runtime.resource.loader.ClasspathResourceLoader
2020-10-25 16:48:50,987 - ResourceManager : found template/list.html.vm with loader org.apache.velocity.runtime.resource.loader.ClasspathResourceLoader
2020-10-25 16:48:50,988 - Null reference [template 'template/list.html.vm', line 52, column 14] : ${rc.contextPath} cannot be resolved.
2020-10-25 16:48:50,988 - Null reference [template 'template/list.html.vm', line 52, column 61] : ${date.systemTime} cannot be resolved.
2020-10-25 16:48:51,004 - ResourceManager : found template/list.js.vm with loader org.apache.velocity.runtime.resource.loader.ClasspathResourceLoader
2020-10-25 16:48:51,014 - ResourceManager : found template/menu.sql.vm with loader org.apache.velocity.runtime.resource.loader.ClasspathResourceLoader
